# JRE version: OpenJDK Runtime Environment (7.0_75-b13) (build 1.7.0_75-b13)
# Java VM: OpenJDK 64-Bit Server VM (24.75-b04 mixed mode linux-amd64 compressed oops)
Heap
 def new generation   total 314560K, used 276277K [0x00000000b0000000, 0x00000000c5550000, 0x00000000c5550000)
  eden space 279616K,  98% used [0x00000000b0000000, 0x00000000c0daf2b0, 0x00000000c1110000)
  from space 34944K,   0% used [0x00000000c3330000, 0x00000000c334e250, 0x00000000c5550000)
  to   space 34944K,   0% used [0x00000000c1110000, 0x00000000c1110000, 0x00000000c3330000)
 tenured generation   total 699072K, used 84283K [0x00000000c5550000, 0x00000000f0000000, 0x00000000f0000000)
   the space 699072K,  12% used [0x00000000c5550000, 0x00000000ca79ed48, 0x00000000ca79ee00, 0x00000000f0000000)
 compacting perm gen  total 146688K, used 146687K [0x00000000f0000000, 0x00000000f8f40000, 0x0000000100000000)
   the space 146688K,  99% used [0x00000000f0000000, 0x00000000f8f3fef8, 0x00000000f8f40000, 0x00000000f8f40000)
GC Heap History (10 events):
Event: 1525.832 GC heap before
{Heap before GC invocations=41 (full 15):
 def new generation   total 314560K, used 279953K [0x00000000b0000000, 0x00000000c5550000, 0x00000000c5550000)
  eden space 279616K, 100% used [0x00000000b0000000, 0x00000000c1110000, 0x00000000c1110000)
  from space 34944K,   0% used [0x00000000c1110000, 0x00000000c1164488, 0x00000000c3330000)
  to   space 34944K,   0% used [0x00000000c3330000, 0x00000000c3330000, 0x00000000c5550000)
 tenured generation   total 699072K, used 84077K [0x00000000c5550000, 0x00000000f0000000, 0x00000000f0000000)
   the space 699072K,  12% used [0x00000000c5550000, 0x00000000ca76b4e0, 0x00000000ca76b600, 0x00000000f0000000)
 compacting perm gen  total 145408K, used 145188K [0x00000000f0000000, 0x00000000f8e00000, 0x0000000100000000)
   the space 145408K,  99% used [0x00000000f0000000, 0x00000000f8dc92e8, 0x00000000f8dc9400, 0x00000000f8e00000)
No shared spaces configured.
Event: 1525.836 GC heap after
Heap after GC invocations=42 (full 15):
 def new generation   total 314560K, used 334K [0x00000000b0000000, 0x00000000c5550000, 0x00000000c5550000)
  eden space 279616K,   0% used [0x00000000b0000000, 0x00000000b0000000, 0x00000000c1110000)
  from space 34944K,   0% used [0x00000000c3330000, 0x00000000c3383820, 0x00000000c5550000)
  to   space 34944K,   0% used [0x00000000c1110000, 0x00000000c1110000, 0x00000000c3330000)
 tenured generation   total 699072K, used 84077K [0x00000000c5550000, 0x00000000f0000000, 0x00000000f0000000)
   the space 699072K,  12% used [0x00000000c5550000, 0x00000000ca76b4e0, 0x00000000ca76b600, 0x00000000f0000000)
 compacting perm gen  total 145408K, used 145188K [0x00000000f0000000, 0x00000000f8e00000, 0x0000000100000000)
   the space 145408K,  99% used [0x00000000f0000000, 0x00000000f8dc92e8, 0x00000000f8dc9400, 0x00000000f8e00000)
No shared spaces configured.
}
Event: 1563.876 GC heap before
{Heap before GC invocations=42 (full 15):
 def new generation   total 314560K, used 279950K [0x00000000b0000000, 0x00000000c5550000, 0x00000000c5550000)
  eden space 279616K, 100% used [0x00000000b0000000, 0x00000000c1110000, 0x00000000c1110000)
  from space 34944K,   0% used [0x00000000c3330000, 0x00000000c3383820, 0x00000000c5550000)
  to   space 34944K,   0% used [0x00000000c1110000, 0x00000000c1110000, 0x00000000c3330000)
 tenured generation   total 699072K, used 84077K [0x00000000c5550000, 0x00000000f0000000, 0x00000000f0000000)
   the space 699072K,  12% used [0x00000000c5550000, 0x00000000ca76b4e0, 0x00000000ca76b600, 0x00000000f0000000)
 compacting perm gen  total 145408K, used 145194K [0x00000000f0000000, 0x00000000f8e00000, 0x0000000100000000)
   the space 145408K,  99% used [0x00000000f0000000, 0x00000000f8dcab60, 0x00000000f8dcac00, 0x00000000f8e00000)
No shared spaces configured.
Event: 1563.880 GC heap after
Heap after GC invocations=43 (full 15):
 def new generation   total 314560K, used 337K [0x00000000b0000000, 0x00000000c5550000, 0x00000000c5550000)
  eden space 279616K,   0% used [0x00000000b0000000, 0x00000000b0000000, 0x00000000c1110000)
  from space 34944K,   0% used [0x00000000c1110000, 0x00000000c11644c8, 0x00000000c3330000)
  to   space 34944K,   0% used [0x00000000c3330000, 0x00000000c3330000, 0x00000000c5550000)
 tenured generation   total 699072K, used 84077K [0x00000000c5550000, 0x00000000f0000000, 0x00000000f0000000)
   the space 699072K,  12% used [0x00000000c5550000, 0x00000000ca76b4e0, 0x00000000ca76b600, 0x00000000f0000000)
 compacting perm gen  total 145408K, used 145194K [0x00000000f0000000, 0x00000000f8e00000, 0x0000000100000000)
   the space 145408K,  99% used [0x00000000f0000000, 0x00000000f8dcab60, 0x00000000f8dcac00, 0x00000000f8e00000)
No shared spaces configured.
}
Event: 1602.067 GC heap before
{Heap before GC invocations=43 (full 15):
 def new generation   total 314560K, used 279953K [0x00000000b0000000, 0x00000000c5550000, 0x00000000c5550000)
  eden space 279616K, 100% used [0x00000000b0000000, 0x00000000c1110000, 0x00000000c1110000)
  from space 34944K,   0% used [0x00000000c1110000, 0x00000000c11644c8, 0x00000000c3330000)
  to   space 34944K,   0% used [0x00000000c3330000, 0x00000000c3330000, 0x00000000c5550000)
 tenured generation   total 699072K, used 84077K [0x00000000c5550000, 0x00000000f0000000, 0x00000000f0000000)
   the space 699072K,  12% used [0x00000000c5550000, 0x00000000ca76b4e0, 0x00000000ca76b600, 0x00000000f0000000)
 compacting perm gen  total 145408K, used 145197K [0x00000000f0000000, 0x00000000f8e00000, 0x0000000100000000)
   the space 145408K,  99% used [0x00000000f0000000, 0x00000000f8dcb760, 0x00000000f8dcb800, 0x00000000f8e00000)
No shared spaces configured.
Event: 1602.094 GC heap after
Heap after GC invocations=44 (full 15):
 def new generation   total 314560K, used 134K [0x00000000b0000000, 0x00000000c5550000, 0x00000000c5550000)
  eden space 279616K,   0% used [0x00000000b0000000, 0x00000000b0000000, 0x00000000c1110000)
  from space 34944K,   0% used [0x00000000c3330000, 0x00000000c3351b78, 0x00000000c5550000)
  to   space 34944K,   0% used [0x00000000c1110000, 0x00000000c1110000, 0x00000000c3330000)
 tenured generation   total 699072K, used 84279K [0x00000000c5550000, 0x00000000f0000000, 0x00000000f0000000)
   the space 699072K,  12% used [0x00000000c5550000, 0x00000000ca79de88, 0x00000000ca79e000, 0x00000000f0000000)
 compacting perm gen  total 145408K, used 145197K [0x00000000f0000000, 0x00000000f8e00000, 0x0000000100000000)
   the space 145408K,  99% used [0x00000000f0000000, 0x00000000f8dcb760, 0x00000000f8dcb800, 0x00000000f8e00000)
No shared spaces configured.
}
Event: 1640.121 GC heap before
{Heap before GC invocations=44 (full 15):
 def new generation   total 314560K, used 279750K [0x00000000b0000000, 0x00000000c5550000, 0x00000000c5550000)
  eden space 279616K, 100% used [0x00000000b0000000, 0x00000000c1110000, 0x00000000c1110000)
  from space 34944K,   0% used [0x00000000c3330000, 0x00000000c3351b78, 0x00000000c5550000)
  to   space 34944K,   0% used [0x00000000c1110000, 0x00000000c1110000, 0x00000000c3330000)
 tenured generation   total 699072K, used 84279K [0x00000000c5550000, 0x00000000f0000000, 0x00000000f0000000)
   the space 699072K,  12% used [0x00000000c5550000, 0x00000000ca79de88, 0x00000000ca79e000, 0x00000000f0000000)
 compacting perm gen  total 145408K, used 145206K [0x00000000f0000000, 0x00000000f8e00000, 0x0000000100000000)
   the space 145408K,  99% used [0x00000000f0000000, 0x00000000f8dcd958, 0x00000000f8dcda00, 0x00000000f8e00000)
No shared spaces configured.
Event: 1640.125 GC heap after
Heap after GC invocations=45 (full 15):
 def new generation   total 314560K, used 131K [0x00000000b0000000, 0x00000000c5550000, 0x00000000c5550000)
  eden space 279616K,   0% used [0x00000000b0000000, 0x00000000b0000000, 0x00000000c1110000)
  from space 34944K,   0% used [0x00000000c1110000, 0x00000000c1130d00, 0x00000000c3330000)
  to   space 34944K,   0% used [0x00000000c3330000, 0x00000000c3330000, 0x00000000c5550000)
 tenured generation   total 699072K, used 84283K [0x00000000c5550000, 0x00000000f0000000, 0x00000000f0000000)
   the space 699072K,  12% used [0x00000000c5550000, 0x00000000ca79eca0, 0x00000000ca79ee00, 0x00000000f0000000)
 compacting perm gen  total 145408K, used 145206K [0x00000000f0000000, 0x00000000f8e00000, 0x0000000100000000)
   the space 145408K,  99% used [0x00000000f0000000, 0x00000000f8dcd958, 0x00000000f8dcda00, 0x00000000f8e00000)
No shared spaces configured.
}
Event: 1676.545 GC heap before
{Heap before GC invocations=45 (full 15):
 def new generation   total 314560K, used 279747K [0x00000000b0000000, 0x00000000c5550000, 0x00000000c5550000)
  eden space 279616K, 100% used [0x00000000b0000000, 0x00000000c1110000, 0x00000000c1110000)
  from space 34944K,   0% used [0x00000000c1110000, 0x00000000c1130d00, 0x00000000c3330000)
  to   space 34944K,   0% used [0x00000000c3330000, 0x00000000c3330000, 0x00000000c5550000)
 tenured generation   total 699072K, used 84283K [0x00000000c5550000, 0x00000000f0000000, 0x00000000f0000000)
   the space 699072K,  12% used [0x00000000c5550000, 0x00000000ca79eca0, 0x00000000ca79ee00, 0x00000000f0000000)
 compacting perm gen  total 145408K, used 145213K [0x00000000f0000000, 0x00000000f8e00000, 0x0000000100000000)
   the space 145408K,  99% used [0x00000000f0000000, 0x00000000f8dcf580, 0x00000000f8dcf600, 0x00000000f8e00000)
No shared spaces configured.
Event: 1676.547 GC heap after
Heap after GC invocations=46 (full 15):
 def new generation   total 314560K, used 120K [0x00000000b0000000, 0x00000000c5550000, 0x00000000c5550000)
  eden space 279616K,   0% used [0x00000000b0000000, 0x00000000b0000000, 0x00000000c1110000)
  from space 34944K,   0% used [0x00000000c3330000, 0x00000000c334e250, 0x00000000c5550000)
  to   space 34944K,   0% used [0x00000000c1110000, 0x00000000c1110000, 0x00000000c3330000)
 tenured generation   total 699072K, used 84283K [0x00000000c5550000, 0x00000000f0000000, 0x00000000f0000000)
   the space 699072K,  12% used [0x00000000c5550000, 0x00000000ca79ed48, 0x00000000ca79ee00, 0x00000000f0000000)
 compacting perm gen  total 145408K, used 145213K [0x00000000f0000000, 0x00000000f8e00000, 0x0000000100000000)
   the space 145408K,  99% used [0x00000000f0000000, 0x00000000f8dcf580, 0x00000000f8dcf600, 0x00000000f8e00000)
No shared spaces configured.
}

